amber
amethyst
aquamarine
auburn
azure
beige
black
blonde
blood red
blue
brass
bright red
bronze
brown
chestnut
chocolate
cobalt
copper
crimson
dark blue
dark brown
dark gray
dark green
dark grey
dark red
dark silver
dark tan
ebony
emerald
forest green
garnet
ginger
gold
golden
gray
green
grey
hazel
hidden
indigo
ivory
jade
jet
lapis
lavender
light brown
light gray
light green
light grey
light silver
light tan
mahogany
mauve
olive
onyx
orange
pewter
pink
purple
red
russet
rust
sable
saffron
sapphire
scarlet
shrouded
silver
sky blue
tan
tawny
teal
unknown
violet
white
yellow